TN:
SF:src/ChristmasDinner.sol
FN:46,ChristmasDinner.
FNDA:16,ChristmasDinner.
DA:47,16
DA:48,16
DA:49,16
DA:50,16
DA:51,16
DA:52,16
DA:53,16
FN:60,ChristmasDinner.onlyHost
FNDA:18,ChristmasDinner.onlyHost
DA:61,18
BRDA:61,0,0,1
DA:62,1
FN:67,ChristmasDinner.beforeDeadline
FNDA:16,ChristmasDinner.beforeDeadline
DA:68,16
BRDA:68,1,0,1
DA:69,1
FN:74,ChristmasDinner.nonReentrant
FNDA:1,ChristmasDinner.nonReentrant
DA:75,1
BRDA:75,2,0,-
BRDA:75,2,1,1
DA:77,1
FN:89,ChristmasDinner.getHost
FNDA:1,ChristmasDinner.getHost
DA:90,2
FN:96,ChristmasDinner.getParticipationStatus
FNDA:7,ChristmasDinner.getParticipationStatus
DA:97,18
FN:111,ChristmasDinner.deposit
FNDA:16,ChristmasDinner.deposit
DA:112,15
BRDA:112,3,0,1
DA:113,1
DA:115,3
BRDA:115,4,0,3
BRDA:115,4,1,11
DA:116,3
DA:117,3
DA:118,3
DA:120,11
DA:121,11
DA:122,11
DA:123,11
FN:133,ChristmasDinner.refund
FNDA:2,ChristmasDinner.refund
DA:134,1
DA:135,1
DA:136,1
DA:137,1
DA:138,1
DA:139,1
FN:146,ChristmasDinner.changeParticipationStatus
FNDA:4,ChristmasDinner.changeParticipationStatus
DA:147,3
BRDA:147,5,0,3
BRDA:147,5,1,1
DA:148,3
DA:149,1
BRDA:149,6,0,-
BRDA:149,6,1,1
DA:150,0
DA:152,1
DA:154,3
FN:165,ChristmasDinner.changeHost
FNDA:3,ChristmasDinner.changeHost
DA:166,2
BRDA:166,7,0,1
DA:167,1
DA:169,1
DA:170,1
FN:178,ChristmasDinner.setDeadline
FNDA:18,ChristmasDinner.setDeadline
DA:179,0
BRDA:179,8,0,-
BRDA:179,8,1,17
DA:180,0
DA:182,17
FN:193,ChristmasDinner.withdraw
FNDA:2,ChristmasDinner.withdraw
DA:194,1
DA:195,1
DA:196,1
DA:197,1
FNF:12
FNH:12
LF:48
LH:45
BRF:14
BRH:11
end_of_record
